<?xml version="1.0" encoding="UTF-8"?>
<!-- Generated by org.testng.reporters.JUnitReportReporter -->
<testsuite skipped="0" hostname="ClaudioCor" name="com.automation.chapter3.NewTest" tests="2" failures="0" timestamp="22 Mar 2019 22:23:48 GMT" time="0.005" errors="0">
  <testcase name="searchCustomer" time="0.004" classname="com.automation.chapter3.NewTest"/>
  <testcase name="searchProduct" time="0.001" classname="com.automation.chapter3.NewTest"/>
</testsuite> <!-- com.automation.chapter3.NewTest -->
