<?xml version="1.0" encoding="UTF-8"?>
<!-- Generated by org.testng.reporters.JUnitReportReporter -->
<testsuite skipped="0" hostname="ClaudioCor" name="com.automation.chapter3.PriorityAttributes" tests="5" failures="0" timestamp="23 Mar 2019 00:11:17 GMT" time="0.009" errors="0">
  <testcase name="setUp" time="0.006" classname="com.automation.chapter3.PriorityAttributes"/>
  <testcase name="sign" time="0.000" classname="com.automation.chapter3.PriorityAttributes"/>
  <testcase name="serachJeans" time="0.001" classname="com.automation.chapter3.PriorityAttributes"/>
  <testcase name="serachTshit" time="0.001" classname="com.automation.chapter3.PriorityAttributes"/>
  <testcase name="tearDown" time="0.001" classname="com.automation.chapter3.PriorityAttributes"/>
</testsuite> <!-- com.automation.chapter3.PriorityAttributes -->
