<?xml version="1.0" encoding="UTF-8"?>
<!-- Generated by org.testng.reporters.JUnitReportReporter -->
<testsuite skipped="0" hostname="ClaudioCor" name="com.automation.chapter3.DemoAnnotation" tests="2" failures="0" timestamp="22 Mar 2019 23:44:00 GMT" time="0.004" errors="0">
  <testcase name="searchCustomer" time="0.003" classname="com.automation.chapter3.DemoAnnotation"/>
  <testcase name="searchProduct" time="0.001" classname="com.automation.chapter3.DemoAnnotation"/>
</testsuite> <!-- com.automation.chapter3.DemoAnnotation -->
